<?xml version="1.0" encoding="UTF-8"?>
<!-- Generated by org.testng.reporters.JUnitXMLReporter -->
<testsuite ignored="0" hostname="DESKTOP-35HBDVU" failures="0" tests="6" name="Testone" time="0.136" errors="0" timestamp="2025-10-01T05:56:09 IST">
  <testcase classname="com.app.testng.TestOne" name="login" time="0.016"/>
  <testcase classname="com.app.testng.TestOne" name="pass" time="0.002"/>
  <testcase classname="com.app.testng.TestOne" name="user" time="0.002"/>
  <testcase classname="com.app.testng.TestTwo" name="test1" time="0.003"/>
  <testcase classname="com.app.testng.TestTwo" name="test2" time="0.004"/>
  <testcase classname="com.app.testng.TestTwo" name="test3" time="0.002"/>
</testsuite> <!-- Testone -->
