<?xml version="1.0" encoding="UTF-8"?>
<!-- Generated by org.testng.reporters.JUnitXMLReporter -->
<testsuite ignored="2" hostname="DESKTOP-35HBDVU" failures="0" tests="1" name="Default test" time="0.103" errors="0" timestamp="2025-10-01T06:00:03 IST">
  <testcase classname="com.app.testng.TestTwo" name="test3" time="0.017"/>
  <testcase classname="com.app.testng.TestTwo" name="test2" time="0.0">
    <ignored/>
  </testcase> <!-- test2 -->
  <testcase classname="com.app.testng.TestTwo" name="test1" time="0.0">
    <ignored/>
  </testcase> <!-- test1 -->
</testsuite> <!-- Default test -->
