<?xml version="1.0" encoding="UTF-8"?>
<!-- Generated by org.testng.reporters.JUnitXMLReporter -->
<testsuite ignored="1" hostname="DESKTOP-35HBDVU" failures="0" tests="2" name="Test" time="0.133" errors="0" timestamp="2025-10-01T06:01:30 IST">
  <testcase classname="com.app.testng.TestOne" name="login" time="0.02"/>
  <testcase classname="com.app.testng.TestOne" name="pass" time="0.002"/>
  <testcase classname="com.app.testng.TestOne" name="user" time="0.0">
    <ignored/>
  </testcase> <!-- user -->
</testsuite> <!-- Test -->
