<?xml version="1.0" encoding="UTF-8"?>
<testng-results ignored="1" total="3" passed="2" failed="0" skipped="0">
  <reporter-output>
  </reporter-output>
  <suite started-at="2025-10-01T06:01:29 IST" name="Suite" finished-at="2025-10-01T06:01:30 IST" duration-ms="133">
    <groups>
    </groups>
    <test started-at="2025-10-01T06:01:29 IST" name="Test" finished-at="2025-10-01T06:01:30 IST" duration-ms="133">
      <class name="com.app.testng.TestOne">
        <test-method signature="login()[pri:0, instance:com.app.testng.TestOne@6adbc9d]" started-at="2025-10-01T06:01:30 IST" name="login" finished-at="2025-10-01T06:01:30 IST" duration-ms="20" status="PASS">
          <reporter-output>
          </reporter-output>
        </test-method> <!-- login -->
        <test-method signature="pass()[pri:0, instance:com.app.testng.TestOne@6adbc9d]" started-at="2025-10-01T06:01:30 IST" name="pass" finished-at="2025-10-01T06:01:30 IST" duration-ms="2" status="PASS">
          <reporter-output>
          </reporter-output>
        </test-method> <!-- pass -->
      </class> <!-- com.app.testng.TestOne -->
    </test> <!-- Test -->
  </suite> <!-- Suite -->
</testng-results>
